2025-10-28 00:55:17,610 - INFO - Limpando arquivos antigos em /home/runner/work/josieljefferson.github.io/josieljefferson.github.io...
2025-10-28 00:55:17,610 - INFO - Iniciando downloads...
2025-10-28 00:55:17,611 - INFO - Tentativa 1 de 3: Baixando de: http://m3u4u.com/m3u/3wk1y24kx7uzdevxygz7
2025-10-28 00:55:17,611 - INFO - Tentativa 1 de 3: Baixando de: http://m3u4u.com/m3u/782dyqdrqkh1xegen4zp
2025-10-28 00:55:17,612 - INFO - Tentativa 1 de 3: Baixando de: http://m3u4u.com/m3u/jq2zy9epr3bwxmgwyxr5
2025-10-28 00:55:17,612 - INFO - Tentativa 1 de 3: Baixando de: https://gitlab.com/josieljefferson12/playlists/-/raw/main/PiauiTV.m3u
2025-10-28 00:55:17,613 - INFO - Tentativa 1 de 3: Baixando de: https://gitlab.com/josieljefferson12/playlists/-/raw/main/m3u4u_proton.me.m3u
2025-10-28 00:55:17,978 - INFO - Download concluído: /home/runner/work/josieljefferson.github.io/josieljefferson.github.io/PiauiTV.m3u (76851 bytes)
2025-10-28 00:55:17,978 - INFO - Hash MD5 do arquivo: ed19d1bee8112f753504aab432876025
2025-10-28 00:55:17,979 - INFO - Tentativa 1 de 3: Baixando de: https://gitlab.com/josieljefferson12/playlists/-/raw/main/playlist.m3u
2025-10-28 00:55:18,025 - INFO - Download concluído: /home/runner/work/josieljefferson.github.io/josieljefferson.github.io/m3u@proton.me.m3u (4700379 bytes)
2025-10-28 00:55:18,034 - INFO - Hash MD5 do arquivo: 17e34181bba3a93ed726df4bc76b9a9c
2025-10-28 00:55:18,035 - INFO - Tentativa 1 de 3: Baixando de: https://gitlab.com/josielluz/playlists/-/raw/main/playlists.m3u
2025-10-28 00:55:18,252 - INFO - Download concluído: /home/runner/work/josieljefferson.github.io/josieljefferson.github.io/playlists.m3u (107555 bytes)
2025-10-28 00:55:18,253 - INFO - Hash MD5 do arquivo: 3114d823758c4d5391acd0714d83bb8c
2025-10-28 00:55:18,254 - INFO - Tentativa 1 de 3: Baixando de: https://gitlab.com/josieljefferson12/playlists/-/raw/main/pornstars.m3u
2025-10-28 00:55:18,386 - INFO - Download concluído: /home/runner/work/josieljefferson.github.io/josieljefferson.github.io/playlist.m3u (8080 bytes)
2025-10-28 00:55:18,386 - INFO - Hash MD5 do arquivo: 5e4f576e8ce1ee516c916d59ed08a851
2025-10-28 00:55:18,387 - INFO - Tentativa 1 de 3: Baixando de: https://raw.githubusercontent.com/josieljefferson/josieljefferson.github.io.playlist/refs/heads/main/playlists/adults.m3u
2025-10-28 00:55:18,481 - INFO - Download concluído: /home/runner/work/josieljefferson.github.io/josieljefferson.github.io/adults.m3u (48472 bytes)
2025-10-28 00:55:18,482 - INFO - Hash MD5 do arquivo: 41762de8be82be7d0d1865438d420105
2025-10-28 00:55:18,484 - INFO - Tentativa 1 de 3: Baixando de: https://raw.githubusercontent.com/josieljefferson/josieljefferson.github.io.playlist/refs/heads/main/playlists/playlists.m3u
2025-10-28 00:55:18,575 - INFO - Download concluído: /home/runner/work/josieljefferson.github.io/josieljefferson.github.io/playlists.m3u8 (52729 bytes)
2025-10-28 00:55:18,575 - INFO - Download concluído: /home/runner/work/josieljefferson.github.io/josieljefferson.github.io/epgbrasil.m3u (639011 bytes)
2025-10-28 00:55:18,575 - INFO - Hash MD5 do arquivo: 540fa0274193e4a7e356393f90ca232a
2025-10-28 00:55:18,576 - INFO - Tentativa 1 de 3: Baixando de: https://raw.githubusercontent.com/josieljefferson/josieljefferson.github.io.playlist/refs/heads/main/playlists/piauitv.m3u
2025-10-28 00:55:18,577 - INFO - Hash MD5 do arquivo: b45a4ecb7e9e16b774d737233baa4560
2025-10-28 00:55:18,578 - INFO - Tentativa 1 de 3: Baixando de: http://m3u4u.com/epg/3wk1y24kx7uzdevxygz7
2025-10-28 00:55:18,618 - INFO - Download concluído: /home/runner/work/josieljefferson.github.io/josieljefferson.github.io/epgportugal.m3u (2262348 bytes)
2025-10-28 00:55:18,622 - INFO - Hash MD5 do arquivo: fce788edd736f5407b18f61966f41949
2025-10-28 00:55:18,622 - INFO - Tentativa 1 de 3: Baixando de: http://m3u4u.com/epg/782dyqdrqkh1xegen4zp
2025-10-28 00:55:18,671 - INFO - Download concluído: /home/runner/work/josieljefferson.github.io/josieljefferson.github.io/PiauiTV.m3u8 (5208 bytes)
2025-10-28 00:55:18,672 - INFO - Hash MD5 do arquivo: ef37f026780b98dcf090d55e0bd7d8ea
2025-10-28 00:55:18,673 - INFO - Tentativa 1 de 3: Baixando de: http://m3u4u.com/epg/jq2zy9epr3bwxmgwyxr5
2025-10-28 00:55:18,693 - INFO - Download concluído: /home/runner/work/josieljefferson.github.io/josieljefferson.github.io/pornstars.m3u (100426 bytes)
2025-10-28 00:55:18,693 - INFO - Hash MD5 do arquivo: ed9b31dbe857f86e7df7a0a4e4ecd448
2025-10-28 00:55:18,968 - INFO - Download concluído: /home/runner/work/josieljefferson.github.io/josieljefferson.github.io/epgbrasilportugal.m3u (6833 bytes)
2025-10-28 00:55:18,969 - INFO - Hash MD5 do arquivo: 2b8d239a20f299fbb89cf6cc8933170f
2025-10-28 00:55:19,596 - INFO - Download concluído: /home/runner/work/josieljefferson.github.io/josieljefferson.github.io/epgbrasil.xml.gz (700573 bytes)
2025-10-28 00:55:19,599 - INFO - Hash MD5 do arquivo: c4308c2d9299565532ce703fba7a69ee
2025-10-28 00:55:19,619 - INFO - Download concluído: /home/runner/work/josieljefferson.github.io/josieljefferson.github.io/epgportugal.xml.gz (1884838 bytes)
2025-10-28 00:55:19,622 - INFO - Hash MD5 do arquivo: 2e983056278f8b852c8940e4e0651d74
2025-10-28 00:55:19,754 - INFO - Download concluído: /home/runner/work/josieljefferson.github.io/josieljefferson.github.io/epgbrasilportugal.xml.gz (104797 bytes)
2025-10-28 00:55:19,755 - INFO - Hash MD5 do arquivo: bcce0b4eaf4d0432e4ebbcdbb30085bf
2025-10-28 00:55:19,755 - INFO - Downloads concluídos. Sucessos: 14, Falhas: 0
